2021-06-01 22:08:26 [restartedMain] INFO  com.carMap.CarAppMappingApplication - Starting CarAppMappingApplication using Java 15.0.2 on DESKTOP-J5IO7RK with PID 11396 (D:\Spring_Workspace\CarAppMapping\target\classes started by RS in D:\Spring_Workspace\CarAppMapping)
2021-06-01 22:08:26 [restartedMain] INFO  com.carMap.CarAppMappingApplication - No active profile set, falling back to default profiles: default
2021-06-01 22:08:26 [restartedMain] INFO  o.s.d.r.c.RepositoryConfigurationDelegate - Bootstrapping Spring Data JPA repositories in DEFAULT mode.
2021-06-01 22:08:26 [restartedMain] INFO  o.s.d.r.c.RepositoryConfigurationDelegate - Finished Spring Data repository scanning in 11 ms. Found 5 JPA repository interfaces.
2021-06-01 22:08:27 [restartedMain] INFO  o.s.b.w.e.tomcat.TomcatWebServer - Tomcat initialized with port(s): 8090 (http)
2021-06-01 22:08:27 [restartedMain] INFO  o.a.catalina.core.StandardService - Starting service [Tomcat]
2021-06-01 22:08:27 [restartedMain] INFO  o.a.catalina.core.StandardEngine - Starting Servlet engine: [Apache Tomcat/9.0.46]
2021-06-01 22:08:27 [restartedMain] INFO  o.a.c.c.C.[Tomcat-1].[localhost].[/] - Initializing Spring embedded WebApplicationContext
2021-06-01 22:08:27 [restartedMain] INFO  o.s.b.w.s.c.ServletWebServerApplicationContext - Root WebApplicationContext: initialization completed in 600 ms
2021-06-01 22:08:27 [restartedMain] INFO  o.h.jpa.internal.util.LogHelper - HHH000204: Processing PersistenceUnitInfo [name: default]
2021-06-01 22:08:27 [restartedMain] INFO  com.zaxxer.hikari.HikariDataSource - HikariPool-5 - Starting...
2021-06-01 22:08:27 [restartedMain] INFO  com.zaxxer.hikari.HikariDataSource - HikariPool-5 - Start completed.
2021-06-01 22:08:27 [restartedMain] INFO  org.hibernate.dialect.Dialect - HHH000400: Using dialect: org.hibernate.dialect.MySQL8Dialect
2021-06-01 22:08:27 [restartedMain] INFO  o.h.e.t.j.p.i.JtaPlatformInitiator - HHH000490: Using JtaPlatform implementation: [org.hibernate.engine.transaction.jta.platform.internal.NoJtaPlatform]
2021-06-01 22:08:27 [restartedMain] INFO  o.s.o.j.LocalContainerEntityManagerFactoryBean - Initialized JPA EntityManagerFactory for persistence unit 'default'
2021-06-01 22:08:27 [restartedMain] WARN  o.s.b.a.o.j.JpaBaseConfiguration$JpaWebConfiguration - spring.jpa.open-in-view is enabled by default. Therefore, database queries may be performed during view rendering. Explicitly configure spring.jpa.open-in-view to disable this warning
2021-06-01 22:08:27 [restartedMain] INFO  o.s.b.d.a.OptionalLiveReloadServer - LiveReload server is running on port 35729
2021-06-01 22:08:27 [restartedMain] INFO  o.s.b.w.e.tomcat.TomcatWebServer - Tomcat started on port(s): 8090 (http) with context path ''
2021-06-01 22:08:27 [restartedMain] INFO  com.carMap.CarAppMappingApplication - Started CarAppMappingApplication in 1.121 seconds (JVM running for 1620.521)
2021-06-01 22:08:27 [restartedMain] INFO  o.s.b.a.ApplicationAvailabilityBean - Application availability state LivenessState changed to CORRECT
2021-06-01 22:08:27 [restartedMain] INFO  o.s.b.d.a.ConditionEvaluationDeltaLoggingListener - Condition evaluation unchanged
2021-06-01 22:08:27 [restartedMain] INFO  o.s.b.a.ApplicationAvailabilityBean - Application availability state ReadinessState changed to ACCEPTING_TRAFFIC
2021-06-01 22:08:57 [http-nio-8090-exec-2] INFO  o.a.c.c.C.[Tomcat-1].[localhost].[/] - Initializing Spring DispatcherServlet 'dispatcherServlet'
2021-06-01 22:08:57 [http-nio-8090-exec-2] INFO  o.s.web.servlet.DispatcherServlet - Initializing Servlet 'dispatcherServlet'
2021-06-01 22:08:57 [http-nio-8090-exec-2] INFO  o.s.web.servlet.DispatcherServlet - Completed initialization in 1 ms
2021-06-01 22:08:57 [http-nio-8090-exec-2] INFO  c.c.Controller.CompanyController - finding all the companies details
2021-06-01 22:09:06 [RMI TCP Connection(52)-127.0.0.1] INFO  o.s.b.a.SpringApplicationAdminMXBeanRegistrar$SpringApplicationAdmin - Application shutdown requested.
2021-06-01 22:09:06 [RMI TCP Connection(52)-127.0.0.1] INFO  o.s.b.a.ApplicationAvailabilityBean - Application availability state ReadinessState changed from ACCEPTING_TRAFFIC to REFUSING_TRAFFIC
2021-06-01 22:09:11 [restartedMain] INFO  com.carMap.CarAppMappingApplication - Starting CarAppMappingApplication using Java 15.0.2 on DESKTOP-J5IO7RK with PID 12420 (D:\Spring_Workspace\CarAppMapping\target\classes started by RS in D:\Spring_Workspace\CarAppMapping)
2021-06-01 22:09:11 [restartedMain] INFO  com.carMap.CarAppMappingApplication - No active profile set, falling back to default profiles: default
2021-06-01 22:09:11 [restartedMain] INFO  org.springframework.boot.devtools.env.DevToolsPropertyDefaultsPostProcessor - Devtools property defaults active! Set 'spring.devtools.add-properties' to 'false' to disable
2021-06-01 22:09:11 [restartedMain] INFO  org.springframework.boot.devtools.env.DevToolsPropertyDefaultsPostProcessor - For additional web related logging consider setting the 'logging.level.web' property to 'DEBUG'
2021-06-01 22:09:12 [restartedMain] INFO  org.springframework.data.repository.config.RepositoryConfigurationDelegate - Bootstrapping Spring Data JPA repositories in DEFAULT mode.
2021-06-01 22:09:12 [restartedMain] INFO  org.springframework.data.repository.config.RepositoryConfigurationDelegate - Finished Spring Data repository scanning in 55 ms. Found 5 JPA repository interfaces.
2021-06-01 22:09:12 [restartedMain] INFO  org.springframework.boot.web.embedded.tomcat.TomcatWebServer - Tomcat initialized with port(s): 8090 (http)
2021-06-01 22:09:12 [restartedMain] INFO  org.apache.catalina.core.StandardService - Starting service [Tomcat]
2021-06-01 22:09:12 [restartedMain] INFO  org.apache.catalina.core.StandardEngine - Starting Servlet engine: [Apache Tomcat/9.0.46]
2021-06-01 22:09:12 [restartedMain] INFO  org.apache.catalina.core.ContainerBase.[Tomcat].[localhost].[/] - Initializing Spring embedded WebApplicationContext
2021-06-01 22:09:12 [restartedMain] INFO  org.springframework.boot.web.servlet.context.ServletWebServerApplicationContext - Root WebApplicationContext: initialization completed in 1319 ms
2021-06-01 22:09:13 [restartedMain] INFO  org.hibernate.jpa.internal.util.LogHelper - HHH000204: Processing PersistenceUnitInfo [name: default]
2021-06-01 22:09:13 [restartedMain] INFO  org.hibernate.Version - HHH000412: Hibernate ORM core version 5.4.31.Final
2021-06-01 22:09:13 [restartedMain] INFO  org.hibernate.annotations.common.Version - HCANN000001: Hibernate Commons Annotations {5.1.2.Final}
2021-06-01 22:09:13 [restartedMain] INFO  com.zaxxer.hikari.HikariDataSource - HikariPool-1 - Starting...
2021-06-01 22:09:13 [restartedMain] INFO  com.zaxxer.hikari.HikariDataSource - HikariPool-1 - Start completed.
2021-06-01 22:09:13 [restartedMain] INFO  org.hibernate.dialect.Dialect - HHH000400: Using dialect: org.hibernate.dialect.MySQL8Dialect
2021-06-01 22:09:14 [restartedMain] INFO  org.hibernate.engine.transaction.jta.platform.internal.JtaPlatformInitiator - HHH000490: Using JtaPlatform implementation: [org.hibernate.engine.transaction.jta.platform.internal.NoJtaPlatform]
2021-06-01 22:09:14 [restartedMain] INFO  org.springframework.orm.jpa.LocalContainerEntityManagerFactoryBean - Initialized JPA EntityManagerFactory for persistence unit 'default'
2021-06-01 22:09:14 [restartedMain] WARN  org.springframework.boot.autoconfigure.orm.jpa.JpaBaseConfiguration$JpaWebConfiguration - spring.jpa.open-in-view is enabled by default. Therefore, database queries may be performed during view rendering. Explicitly configure spring.jpa.open-in-view to disable this warning
2021-06-01 22:09:15 [restartedMain] INFO  org.springframework.boot.devtools.autoconfigure.OptionalLiveReloadServer - LiveReload server is running on port 35729
2021-06-01 22:09:15 [restartedMain] INFO  org.springframework.boot.web.embedded.tomcat.TomcatWebServer - Tomcat started on port(s): 8090 (http) with context path ''
2021-06-01 22:09:15 [restartedMain] INFO  com.carMap.CarAppMappingApplication - Started CarAppMappingApplication in 4.395 seconds (JVM running for 5.452)
2021-06-01 22:09:15 [restartedMain] INFO  org.springframework.boot.availability.ApplicationAvailabilityBean - Application availability state LivenessState changed to CORRECT
2021-06-01 22:09:15 [restartedMain] INFO  org.springframework.boot.availability.ApplicationAvailabilityBean - Application availability state ReadinessState changed to ACCEPTING_TRAFFIC
2021-06-01 22:11:06 [Thread-6] INFO  org.springframework.boot.availability.ApplicationAvailabilityBean - Application availability state ReadinessState changed from ACCEPTING_TRAFFIC to REFUSING_TRAFFIC
2021-06-01 22:11:06 [Thread-6] INFO  org.springframework.orm.jpa.LocalContainerEntityManagerFactoryBean - Closing JPA EntityManagerFactory for persistence unit 'default'
2021-06-01 22:11:06 [Thread-6] INFO  com.zaxxer.hikari.HikariDataSource - HikariPool-1 - Shutdown initiated...
2021-06-01 22:11:06 [Thread-6] INFO  com.zaxxer.hikari.HikariDataSource - HikariPool-1 - Shutdown completed.
2021-06-01 22:11:06 [restartedMain] INFO  com.carMap.CarAppMappingApplication - Starting CarAppMappingApplication using Java 15.0.2 on DESKTOP-J5IO7RK with PID 12420 (D:\Spring_Workspace\CarAppMapping\target\classes started by RS in D:\Spring_Workspace\CarAppMapping)
2021-06-01 22:11:06 [restartedMain] INFO  com.carMap.CarAppMappingApplication - No active profile set, falling back to default profiles: default
2021-06-01 22:11:06 [restartedMain] INFO  org.springframework.data.repository.config.RepositoryConfigurationDelegate - Bootstrapping Spring Data JPA repositories in DEFAULT mode.
2021-06-01 22:11:06 [restartedMain] INFO  org.springframework.data.repository.config.RepositoryConfigurationDelegate - Finished Spring Data repository scanning in 15 ms. Found 5 JPA repository interfaces.
2021-06-01 22:11:06 [restartedMain] INFO  org.springframework.boot.web.embedded.tomcat.TomcatWebServer - Tomcat initialized with port(s): 8090 (http)
2021-06-01 22:11:06 [restartedMain] INFO  org.apache.catalina.core.StandardService - Starting service [Tomcat]
2021-06-01 22:11:06 [restartedMain] INFO  org.apache.catalina.core.StandardEngine - Starting Servlet engine: [Apache Tomcat/9.0.46]
2021-06-01 22:11:06 [restartedMain] INFO  org.apache.catalina.core.ContainerBase.[Tomcat].[localhost].[/] - Initializing Spring embedded WebApplicationContext
2021-06-01 22:11:06 [restartedMain] INFO  org.springframework.boot.web.servlet.context.ServletWebServerApplicationContext - Root WebApplicationContext: initialization completed in 287 ms
2021-06-01 22:11:06 [restartedMain] INFO  org.hibernate.jpa.internal.util.LogHelper - HHH000204: Processing PersistenceUnitInfo [name: default]
2021-06-01 22:11:06 [restartedMain] INFO  com.zaxxer.hikari.HikariDataSource - HikariPool-2 - Starting...
2021-06-01 22:11:06 [restartedMain] INFO  com.zaxxer.hikari.HikariDataSource - HikariPool-2 - Start completed.
2021-06-01 22:11:06 [restartedMain] INFO  org.hibernate.dialect.Dialect - HHH000400: Using dialect: org.hibernate.dialect.MySQL8Dialect
2021-06-01 22:11:06 [restartedMain] INFO  org.hibernate.engine.transaction.jta.platform.internal.JtaPlatformInitiator - HHH000490: Using JtaPlatform implementation: [org.hibernate.engine.transaction.jta.platform.internal.NoJtaPlatform]
2021-06-01 22:11:06 [restartedMain] INFO  org.springframework.orm.jpa.LocalContainerEntityManagerFactoryBean - Initialized JPA EntityManagerFactory for persistence unit 'default'
2021-06-01 22:11:07 [restartedMain] WARN  org.springframework.boot.autoconfigure.orm.jpa.JpaBaseConfiguration$JpaWebConfiguration - spring.jpa.open-in-view is enabled by default. Therefore, database queries may be performed during view rendering. Explicitly configure spring.jpa.open-in-view to disable this warning
2021-06-01 22:11:07 [restartedMain] INFO  org.springframework.boot.devtools.autoconfigure.OptionalLiveReloadServer - LiveReload server is running on port 35729
2021-06-01 22:11:07 [restartedMain] INFO  org.springframework.boot.web.embedded.tomcat.TomcatWebServer - Tomcat started on port(s): 8090 (http) with context path ''
2021-06-01 22:11:07 [restartedMain] INFO  com.carMap.CarAppMappingApplication - Started CarAppMappingApplication in 0.858 seconds (JVM running for 117.343)
2021-06-01 22:11:07 [restartedMain] INFO  org.springframework.boot.availability.ApplicationAvailabilityBean - Application availability state LivenessState changed to CORRECT
2021-06-01 22:11:07 [restartedMain] INFO  org.springframework.boot.devtools.autoconfigure.ConditionEvaluationDeltaLoggingListener - Condition evaluation unchanged
2021-06-01 22:11:07 [restartedMain] INFO  org.springframework.boot.availability.ApplicationAvailabilityBean - Application availability state ReadinessState changed to ACCEPTING_TRAFFIC
2021-06-01 22:11:32 [RMI TCP Connection(13)-127.0.0.1] INFO  org.springframework.boot.admin.SpringApplicationAdminMXBeanRegistrar$SpringApplicationAdmin - Application shutdown requested.
2021-06-01 22:11:32 [RMI TCP Connection(13)-127.0.0.1] INFO  org.springframework.boot.availability.ApplicationAvailabilityBean - Application availability state ReadinessState changed from ACCEPTING_TRAFFIC to REFUSING_TRAFFIC
2021-06-01 22:11:37 [restartedMain] INFO  com.carMap.CarAppMappingApplication - Starting CarAppMappingApplication using Java 15.0.2 on DESKTOP-J5IO7RK with PID 6256 (D:\Spring_Workspace\CarAppMapping\target\classes started by RS in D:\Spring_Workspace\CarAppMapping)
2021-06-01 22:11:37 [restartedMain] INFO  com.carMap.CarAppMappingApplication - No active profile set, falling back to default profiles: default
2021-06-01 22:11:37 [restartedMain] INFO  org.springframework.boot.devtools.env.DevToolsPropertyDefaultsPostProcessor - Devtools property defaults active! Set 'spring.devtools.add-properties' to 'false' to disable
2021-06-01 22:11:37 [restartedMain] INFO  org.springframework.boot.devtools.env.DevToolsPropertyDefaultsPostProcessor - For additional web related logging consider setting the 'logging.level.web' property to 'DEBUG'
2021-06-01 22:11:37 [restartedMain] INFO  org.springframework.data.repository.config.RepositoryConfigurationDelegate - Bootstrapping Spring Data JPA repositories in DEFAULT mode.
2021-06-01 22:11:37 [restartedMain] INFO  org.springframework.data.repository.config.RepositoryConfigurationDelegate - Finished Spring Data repository scanning in 54 ms. Found 5 JPA repository interfaces.
2021-06-01 22:11:38 [restartedMain] INFO  org.springframework.boot.web.embedded.tomcat.TomcatWebServer - Tomcat initialized with port(s): 8090 (http)
2021-06-01 22:11:38 [restartedMain] INFO  org.apache.catalina.core.StandardService - Starting service [Tomcat]
2021-06-01 22:11:38 [restartedMain] INFO  org.apache.catalina.core.StandardEngine - Starting Servlet engine: [Apache Tomcat/9.0.46]
2021-06-01 22:11:38 [restartedMain] INFO  org.apache.catalina.core.ContainerBase.[Tomcat].[localhost].[/] - Initializing Spring embedded WebApplicationContext
2021-06-01 22:11:38 [restartedMain] INFO  org.springframework.boot.web.servlet.context.ServletWebServerApplicationContext - Root WebApplicationContext: initialization completed in 1343 ms
2021-06-01 22:11:38 [restartedMain] INFO  org.hibernate.jpa.internal.util.LogHelper - HHH000204: Processing PersistenceUnitInfo [name: default]
2021-06-01 22:11:38 [restartedMain] INFO  org.hibernate.Version - HHH000412: Hibernate ORM core version 5.4.31.Final
2021-06-01 22:11:38 [restartedMain] INFO  org.hibernate.annotations.common.Version - HCANN000001: Hibernate Commons Annotations {5.1.2.Final}
2021-06-01 22:11:39 [restartedMain] INFO  com.zaxxer.hikari.HikariDataSource - HikariPool-1 - Starting...
2021-06-01 22:11:39 [restartedMain] INFO  com.zaxxer.hikari.HikariDataSource - HikariPool-1 - Start completed.
2021-06-01 22:11:39 [restartedMain] INFO  org.hibernate.dialect.Dialect - HHH000400: Using dialect: org.hibernate.dialect.MySQL8Dialect
2021-06-01 22:11:40 [restartedMain] INFO  org.hibernate.engine.transaction.jta.platform.internal.JtaPlatformInitiator - HHH000490: Using JtaPlatform implementation: [org.hibernate.engine.transaction.jta.platform.internal.NoJtaPlatform]
2021-06-01 22:11:40 [restartedMain] INFO  org.springframework.orm.jpa.LocalContainerEntityManagerFactoryBean - Initialized JPA EntityManagerFactory for persistence unit 'default'
2021-06-01 22:11:41 [restartedMain] WARN  org.springframework.boot.autoconfigure.orm.jpa.JpaBaseConfiguration$JpaWebConfiguration - spring.jpa.open-in-view is enabled by default. Therefore, database queries may be performed during view rendering. Explicitly configure spring.jpa.open-in-view to disable this warning
2021-06-01 22:11:41 [restartedMain] INFO  org.springframework.boot.devtools.autoconfigure.OptionalLiveReloadServer - LiveReload server is running on port 35729
2021-06-01 22:11:41 [restartedMain] INFO  org.springframework.boot.web.embedded.tomcat.TomcatWebServer - Tomcat started on port(s): 8090 (http) with context path ''
2021-06-01 22:11:41 [restartedMain] INFO  com.carMap.CarAppMappingApplication - Started CarAppMappingApplication in 4.909 seconds (JVM running for 6.098)
2021-06-01 22:11:41 [restartedMain] INFO  org.springframework.boot.availability.ApplicationAvailabilityBean - Application availability state LivenessState changed to CORRECT
2021-06-01 22:11:41 [restartedMain] INFO  org.springframework.boot.availability.ApplicationAvailabilityBean - Application availability state ReadinessState changed to ACCEPTING_TRAFFIC
2021-06-01 22:23:07 [Thread-6] INFO  org.springframework.boot.availability.ApplicationAvailabilityBean - Application availability state ReadinessState changed from ACCEPTING_TRAFFIC to REFUSING_TRAFFIC
2021-06-01 22:23:07 [Thread-6] INFO  org.springframework.orm.jpa.LocalContainerEntityManagerFactoryBean - Closing JPA EntityManagerFactory for persistence unit 'default'
2021-06-01 22:23:07 [Thread-6] INFO  com.zaxxer.hikari.HikariDataSource - HikariPool-1 - Shutdown initiated...
2021-06-01 22:23:07 [Thread-6] INFO  com.zaxxer.hikari.HikariDataSource - HikariPool-1 - Shutdown completed.
2021-06-01 22:23:09 [restartedMain] INFO  com.carMap.CarAppMappingApplication - Starting CarAppMappingApplication using Java 15.0.2 on DESKTOP-J5IO7RK with PID 6256 (D:\Spring_Workspace\CarAppMapping\target\classes started by RS in D:\Spring_Workspace\CarAppMapping)
2021-06-01 22:23:09 [restartedMain] INFO  com.carMap.CarAppMappingApplication - No active profile set, falling back to default profiles: default
2021-06-01 22:23:09 [restartedMain] INFO  org.springframework.data.repository.config.RepositoryConfigurationDelegate - Bootstrapping Spring Data JPA repositories in DEFAULT mode.
2021-06-01 22:23:09 [restartedMain] INFO  org.springframework.data.repository.config.RepositoryConfigurationDelegate - Finished Spring Data repository scanning in 13 ms. Found 5 JPA repository interfaces.
2021-06-01 22:23:09 [restartedMain] INFO  org.springframework.boot.web.embedded.tomcat.TomcatWebServer - Tomcat initialized with port(s): 8090 (http)
2021-06-01 22:23:09 [restartedMain] INFO  org.apache.catalina.core.StandardService - Starting service [Tomcat]
2021-06-01 22:23:09 [restartedMain] INFO  org.apache.catalina.core.StandardEngine - Starting Servlet engine: [Apache Tomcat/9.0.46]
2021-06-01 22:23:09 [restartedMain] INFO  org.apache.catalina.core.ContainerBase.[Tomcat-1].[localhost].[/] - Initializing Spring embedded WebApplicationContext
2021-06-01 22:23:09 [restartedMain] INFO  org.springframework.boot.web.servlet.context.ServletWebServerApplicationContext - Root WebApplicationContext: initialization completed in 215 ms
2021-06-01 22:23:09 [restartedMain] INFO  org.hibernate.jpa.internal.util.LogHelper - HHH000204: Processing PersistenceUnitInfo [name: default]
2021-06-01 22:23:09 [restartedMain] INFO  com.zaxxer.hikari.HikariDataSource - HikariPool-2 - Starting...
2021-06-01 22:23:09 [restartedMain] INFO  com.zaxxer.hikari.HikariDataSource - HikariPool-2 - Start completed.
2021-06-01 22:23:09 [restartedMain] INFO  org.hibernate.dialect.Dialect - HHH000400: Using dialect: org.hibernate.dialect.MySQL8Dialect
2021-06-01 22:23:09 [restartedMain] INFO  org.hibernate.engine.transaction.jta.platform.internal.JtaPlatformInitiator - HHH000490: Using JtaPlatform implementation: [org.hibernate.engine.transaction.jta.platform.internal.NoJtaPlatform]
2021-06-01 22:23:09 [restartedMain] INFO  org.springframework.orm.jpa.LocalContainerEntityManagerFactoryBean - Initialized JPA EntityManagerFactory for persistence unit 'default'
2021-06-01 22:23:09 [restartedMain] WARN  org.springframework.boot.autoconfigure.orm.jpa.JpaBaseConfiguration$JpaWebConfiguration - spring.jpa.open-in-view is enabled by default. Therefore, database queries may be performed during view rendering. Explicitly configure spring.jpa.open-in-view to disable this warning
2021-06-01 22:23:09 [restartedMain] INFO  org.springframework.boot.devtools.autoconfigure.OptionalLiveReloadServer - LiveReload server is running on port 35729
2021-06-01 22:23:09 [restartedMain] INFO  org.springframework.boot.web.embedded.tomcat.TomcatWebServer - Tomcat started on port(s): 8090 (http) with context path ''
2021-06-01 22:23:09 [restartedMain] INFO  com.carMap.CarAppMappingApplication - Started CarAppMappingApplication in 0.751 seconds (JVM running for 694.362)
2021-06-01 22:23:09 [restartedMain] INFO  org.springframework.boot.availability.ApplicationAvailabilityBean - Application availability state LivenessState changed to CORRECT
2021-06-01 22:23:09 [restartedMain] INFO  org.springframework.boot.devtools.autoconfigure.ConditionEvaluationDeltaLoggingListener - Condition evaluation unchanged
2021-06-01 22:23:09 [restartedMain] INFO  org.springframework.boot.availability.ApplicationAvailabilityBean - Application availability state ReadinessState changed to ACCEPTING_TRAFFIC
2021-06-01 22:23:13 [Thread-9] INFO  org.springframework.boot.availability.ApplicationAvailabilityBean - Application availability state ReadinessState changed from ACCEPTING_TRAFFIC to REFUSING_TRAFFIC
2021-06-01 22:23:13 [Thread-9] INFO  org.springframework.orm.jpa.LocalContainerEntityManagerFactoryBean - Closing JPA EntityManagerFactory for persistence unit 'default'
2021-06-01 22:23:13 [Thread-9] INFO  com.zaxxer.hikari.HikariDataSource - HikariPool-2 - Shutdown initiated...
2021-06-01 22:23:13 [Thread-9] INFO  com.zaxxer.hikari.HikariDataSource - HikariPool-2 - Shutdown completed.
2021-06-01 22:23:13 [restartedMain] INFO  com.carMap.CarAppMappingApplication - Starting CarAppMappingApplication using Java 15.0.2 on DESKTOP-J5IO7RK with PID 6256 (D:\Spring_Workspace\CarAppMapping\target\classes started by RS in D:\Spring_Workspace\CarAppMapping)
2021-06-01 22:23:13 [restartedMain] INFO  com.carMap.CarAppMappingApplication - No active profile set, falling back to default profiles: default
2021-06-01 22:23:13 [restartedMain] INFO  org.springframework.data.repository.config.RepositoryConfigurationDelegate - Bootstrapping Spring Data JPA repositories in DEFAULT mode.
2021-06-01 22:23:13 [restartedMain] INFO  org.springframework.data.repository.config.RepositoryConfigurationDelegate - Finished Spring Data repository scanning in 12 ms. Found 5 JPA repository interfaces.
2021-06-01 22:23:13 [restartedMain] INFO  org.springframework.boot.web.embedded.tomcat.TomcatWebServer - Tomcat initialized with port(s): 8090 (http)
2021-06-01 22:23:13 [restartedMain] INFO  org.apache.catalina.core.StandardService - Starting service [Tomcat]
2021-06-01 22:23:13 [restartedMain] INFO  org.apache.catalina.core.StandardEngine - Starting Servlet engine: [Apache Tomcat/9.0.46]
2021-06-01 22:23:13 [restartedMain] INFO  org.apache.catalina.core.ContainerBase.[Tomcat-1].[localhost].[/] - Initializing Spring embedded WebApplicationContext
2021-06-01 22:23:13 [restartedMain] INFO  org.springframework.boot.web.servlet.context.ServletWebServerApplicationContext - Root WebApplicationContext: initialization completed in 253 ms
2021-06-01 22:23:13 [restartedMain] INFO  org.hibernate.jpa.internal.util.LogHelper - HHH000204: Processing PersistenceUnitInfo [name: default]
2021-06-01 22:23:13 [restartedMain] INFO  com.zaxxer.hikari.HikariDataSource - HikariPool-3 - Starting...
2021-06-01 22:23:13 [restartedMain] INFO  com.zaxxer.hikari.HikariDataSource - HikariPool-3 - Start completed.
2021-06-01 22:23:13 [restartedMain] INFO  org.hibernate.dialect.Dialect - HHH000400: Using dialect: org.hibernate.dialect.MySQL8Dialect
2021-06-01 22:23:13 [restartedMain] INFO  org.hibernate.engine.transaction.jta.platform.internal.JtaPlatformInitiator - HHH000490: Using JtaPlatform implementation: [org.hibernate.engine.transaction.jta.platform.internal.NoJtaPlatform]
2021-06-01 22:23:13 [restartedMain] INFO  org.springframework.orm.jpa.LocalContainerEntityManagerFactoryBean - Initialized JPA EntityManagerFactory for persistence unit 'default'
2021-06-01 22:23:13 [restartedMain] WARN  org.springframework.boot.autoconfigure.orm.jpa.JpaBaseConfiguration$JpaWebConfiguration - spring.jpa.open-in-view is enabled by default. Therefore, database queries may be performed during view rendering. Explicitly configure spring.jpa.open-in-view to disable this warning
2021-06-01 22:23:14 [restartedMain] INFO  org.springframework.boot.devtools.autoconfigure.OptionalLiveReloadServer - LiveReload server is running on port 35729
2021-06-01 22:23:14 [restartedMain] INFO  org.springframework.boot.web.embedded.tomcat.TomcatWebServer - Tomcat started on port(s): 8090 (http) with context path ''
2021-06-01 22:23:14 [restartedMain] INFO  com.carMap.CarAppMappingApplication - Started CarAppMappingApplication in 0.758 seconds (JVM running for 698.61)
2021-06-01 22:23:14 [restartedMain] INFO  org.springframework.boot.availability.ApplicationAvailabilityBean - Application availability state LivenessState changed to CORRECT
2021-06-01 22:23:14 [restartedMain] INFO  org.springframework.boot.devtools.autoconfigure.ConditionEvaluationDeltaLoggingListener - Condition evaluation unchanged
2021-06-01 22:23:14 [restartedMain] INFO  org.springframework.boot.availability.ApplicationAvailabilityBean - Application availability state ReadinessState changed to ACCEPTING_TRAFFIC
2021-06-02 09:59:00 [HikariPool-3 housekeeper] WARN  com.zaxxer.hikari.pool.HikariPool - HikariPool-3 - Thread starvation or clock leap detected (housekeeper delta=7h54m37s620ms571µs399ns).
